0 verbose cli C:\Program Files\nodejs\node.exe C:\Program Files\nodejs\node_modules\npm\bin\npm-cli.js
1 info using npm@10.2.4
2 info using node@v21.6.1
3 timing npm:load:whichnode Completed in 3ms
4 timing config:load:defaults Completed in 2ms
5 timing config:load:file:C:\Program Files\nodejs\node_modules\npm\npmrc Completed in 5ms
6 timing config:load:builtin Completed in 5ms
7 timing config:load:cli Completed in 4ms
8 timing config:load:env Completed in 1ms
9 timing config:load:project Completed in 1ms
10 timing config:load:file:C:\Users\gavin\.npmrc Completed in 0ms
11 timing config:load:user Completed in 1ms
12 timing config:load:file:C:\Users\gavin\AppData\Roaming\npm\etc\npmrc Completed in 1ms
13 timing config:load:global Completed in 1ms
14 timing config:load:setEnvs Completed in 2ms
15 timing config:load Completed in 17ms
16 timing npm:load:configload Completed in 17ms
17 timing config:load:flatten Completed in 2ms
18 timing npm:load:mkdirpcache Completed in 1ms
19 timing npm:load:mkdirplogs Completed in 0ms
20 verbose title npm install @vscode/vscce
21 verbose argv "install" "--global" "@vscode/vscce"
22 timing npm:load:setTitle Completed in 1ms
23 timing npm:load:display Completed in 1ms
24 verbose logfile logs-max:10 dir:C:\Users\gavin\documents\github\rover.theme\%APPDATA\npm-cache\_logs\2024-12-20T20_30_46_410Z-
25 verbose logfile C:\Users\gavin\documents\github\rover.theme\%APPDATA\npm-cache\_logs\2024-12-20T20_30_46_410Z-debug-0.log
26 timing npm:load:logFile Completed in 13ms
27 timing npm:load:timers Completed in 0ms
28 timing npm:load:configScope Completed in 0ms
29 timing npm:load Completed in 69ms
30 timing config:load:flatten Completed in 1ms
31 timing arborist:ctor Completed in 1ms
32 silly logfile done cleaning log files
33 timing idealTree:init Completed in 6ms
34 timing idealTree:userRequests Completed in 3ms
35 silly idealTree buildDeps
36 silly fetch manifest @vscode/vscce@*
37 http fetch GET 404 https://registry.npmjs.org/@vscode%2fvscce 289ms (cache skip)
38 http fetch GET 404 https://registry.npmjs.org/@vscode%2fvscce 205ms (cache skip)
39 silly placeDep ROOT @vscode/vscce@ OK for:  want: *
40 timing idealTree:#root Completed in 507ms
41 timing idealTree:node_modules/@vscode/vscce Completed in 0ms
42 timing idealTree:buildDeps Completed in 509ms
43 timing idealTree:fixDepFlags Completed in 1ms
44 timing idealTree Completed in 521ms
45 timing command:install Completed in 532ms
46 verbose stack HttpErrorGeneral: 404 Not Found - GET https://registry.npmjs.org/@vscode%2fvscce - Not found
46 verbose stack     at C:\Program Files\nodejs\node_modules\npm\node_modules\npm-registry-fetch\lib\check-response.js:95:15
46 verbose stack     at process.processTicksAndRejections (node:internal/process/task_queues:95:5)
46 verbose stack     at async RegistryFetcher.packument (C:\Program Files\nodejs\node_modules\npm\node_modules\pacote\lib\registry.js:87:19)
46 verbose stack     at async RegistryFetcher.manifest (C:\Program Files\nodejs\node_modules\npm\node_modules\pacote\lib\registry.js:118:23)
46 verbose stack     at async #nodeFromEdge (C:\Program Files\nodejs\node_modules\npm\node_modules\@npmcli\arborist\lib\arborist\build-ideal-tree.js:1049:19)
46 verbose stack     at async #buildDepStep (C:\Program Files\nodejs\node_modules\npm\node_modules\@npmcli\arborist\lib\arborist\build-ideal-tree.js:917:11)
46 verbose stack     at async Arborist.buildIdealTree (C:\Program Files\nodejs\node_modules\npm\node_modules\@npmcli\arborist\lib\arborist\build-ideal-tree.js:196:7)
46 verbose stack     at async Arborist.reify (C:\Program Files\nodejs\node_modules\npm\node_modules\@npmcli\arborist\lib\arborist\reify.js:159:5)
46 verbose stack     at async Install.exec (C:\Program Files\nodejs\node_modules\npm\lib\commands\install.js:152:5)
46 verbose stack     at async module.exports (C:\Program Files\nodejs\node_modules\npm\lib\cli-entry.js:61:5)
47 verbose statusCode 404
48 verbose pkgid @vscode/vscce@*
49 verbose cwd C:\Users\gavin\documents\github\rover.theme
50 verbose Windows_NT 10.0.19045
51 verbose node v21.6.1
52 verbose npm  v10.2.4
53 error code E404
54 error 404 Not Found - GET https://registry.npmjs.org/@vscode%2fvscce - Not found
55 error 404
56 error 404  '@vscode/vscce@*' is not in this registry.
57 error 404
57 error 404 Note that you can also install from a
58 error 404 tarball, folder, http url, or git url.
59 verbose exit 1
60 timing npm Completed in 1008ms
61 verbose unfinished npm timer reify 1734726646872
62 verbose unfinished npm timer reify:loadTrees 1734726646879
63 verbose code 1
64 error A complete log of this run can be found in: C:\Users\gavin\documents\github\rover.theme\%APPDATA\npm-cache\_logs\2024-12-20T20_30_46_410Z-debug-0.log
