0 verbose cli C:\Program Files\nodejs\node.exe C:\Program Files\nodejs\node_modules\npm\bin\npm-cli.js
1 info using npm@10.2.4
2 info using node@v21.6.1
3 timing npm:load:whichnode Completed in 4ms
4 timing config:load:defaults Completed in 2ms
5 timing config:load:file:C:\Program Files\nodejs\node_modules\npm\npmrc Completed in 6ms
6 timing config:load:builtin Completed in 6ms
7 timing config:load:cli Completed in 3ms
8 timing config:load:env Completed in 1ms
9 timing config:load:file:C:\Users\gavin\documents\github\rover.theme\.npmrc Completed in 1ms
10 timing config:load:project Completed in 3ms
11 timing config:load:file:C:\Users\gavin\.npmrc Completed in 1ms
12 timing config:load:user Completed in 1ms
13 timing config:load:file:C:\Users\gavin\AppData\Roaming\npm\etc\npmrc Completed in 0ms
14 timing config:load:global Completed in 0ms
15 timing config:load:setEnvs Completed in 1ms
16 timing config:load Completed in 17ms
17 timing npm:load:configload Completed in 17ms
18 timing config:load:flatten Completed in 2ms
19 timing npm:load:mkdirpcache Completed in 1ms
20 timing npm:load:mkdirplogs Completed in 1ms
21 verbose title npm version minor
22 verbose argv "version" "minor"
23 timing npm:load:setTitle Completed in 0ms
24 timing npm:load:display Completed in 1ms
25 verbose logfile logs-max:10 dir:C:\Users\gavin\documents\github\rover.theme\%APPDATA\npm-cache\_logs\2024-12-20T20_27_27_716Z-
26 verbose logfile C:\Users\gavin\documents\github\rover.theme\%APPDATA\npm-cache\_logs\2024-12-20T20_27_27_716Z-debug-0.log
27 timing npm:load:logFile Completed in 23ms
28 timing npm:load:timers Completed in 0ms
29 timing npm:load:configScope Completed in 1ms
30 timing npm:load Completed in 79ms
31 silly logfile done cleaning log files
32 timing command:version Completed in 1010ms
33 verbose stack Error: Git working directory not clean.
33 verbose stack     at module.exports (C:\Program Files\nodejs\node_modules\npm\node_modules\libnpmversion\lib\enforce-clean.js:26:13)
33 verbose stack     at async module.exports (C:\Program Files\nodejs\node_modules\npm\node_modules\libnpmversion\lib\version.js:60:46)
33 verbose stack     at async Version.change (C:\Program Files\nodejs\node_modules\npm\lib\commands\version.js:77:21)
33 verbose stack     at async module.exports (C:\Program Files\nodejs\node_modules\npm\lib\cli-entry.js:61:5)
34 verbose cwd C:\Users\gavin\documents\github\rover.theme
35 verbose Windows_NT 10.0.19045
36 verbose node v21.6.1
37 verbose npm  v10.2.4
38 error Git working directory not clean.
39 verbose exit 1
40 timing npm Completed in 1534ms
41 verbose code 1
42 error A complete log of this run can be found in: C:\Users\gavin\documents\github\rover.theme\%APPDATA\npm-cache\_logs\2024-12-20T20_27_27_716Z-debug-0.log
